╭───────────────────────────────╮
│ 🍌 Finished with 25 warnings. │
╰───────────────────────────────╯
├── Image does not exist.
│   └── /home/runner/work/ttm4115/ttm4115/pages/supermark/hints.md 82
├── Hint should have a post-yaml section with the content.
│   └── /home/runner/work/ttm4115/ttm4115/pages/supermark/hints.md 82
├── supermark/extenions.html not found.
│   └── /home/runner/work/ttm4115/ttm4115/pages/supermark/writing.md 88
├── supermark/studentrepresentanter.html not found.
│   └── /home/runner/work/ttm4115/ttm4115/pages/supermark/card.md 59
├── supermark/student.html not found.
│   └── /home/runner/work/ttm4115/ttm4115/pages/supermark/card.md 173
├── supermark/snacks.html not found.
│   └── /home/runner/work/ttm4115/ttm4115/pages/supermark/card.md 201
├── supermark/day1.html not found.
│   ├── /home/runner/work/ttm4115/ttm4115/pages/supermark/card.md 251
│   ├── /home/runner/work/ttm4115/ttm4115/pages/supermark/card.md 258
│   ├── /home/runner/work/ttm4115/ttm4115/pages/supermark/card.md 237
│   └── /home/runner/work/ttm4115/ttm4115/pages/supermark/card.md 244
├── supermark/api/supermark/index.html not found.
│   └── /home/runner/work/ttm4115/ttm4115/pages/supermark/development.md 6
├── unit-1-setup/teamwork.html not found.
│   └── /home/runner/work/ttm4115/ttm4115/pages/unit-1-setup/teamwork-1.md 28
├── unit-5-stmpy/prep-stmpy.html#jupyter-notebooks-introducing-stmpy not found.
│   └── /home/runner/work/ttm4115/ttm4115/pages/unit-5-stmpy/teamwork-1.md 8
├── learning/ai-form.docx not found.
│   └── /home/runner/work/ttm4115/ttm4115/pages/project/deliveries-i3.md 103
├── project/learning-grading.html#overall-generic-criteria not found.
│   └── /home/runner/work/ttm4115/ttm4115/pages/project/deliveries-i3.md 121
├── tools/appjarapi.html not found.
│   └── /home/runner/work/ttm4115/ttm4115/pages/tools/tools-gui.md 50
├── tools/kitchen-timer.zip not found.
│   └── /home/runner/work/ttm4115/ttm4115/pages/tools/tools-gui.md 125
├── unit-6-agile/data/agile-forces.pptx not found.
│   ├── /home/runner/work/ttm4115/ttm4115/pages/unit-6-agile/teamwork-1.md 64
│   └── /home/runner/work/ttm4115/ttm4115/pages/unit-6-agile/teamwork-1.md 71
├── unit-7-comm/<https:/en.wikipedia.org/wiki/Hypertext_Transfer_Protocol> not 
│   found.
│   └── /home/runner/work/ttm4115/ttm4115/pages/unit-7-comm/preparation-2.md 1
├── unit-4-req/data/use-case-levels.pptx not found.
│   ├── /home/runner/work/ttm4115/ttm4115/pages/unit-4-req/teamwork-1.md 106
│   ├── /home/runner/work/ttm4115/ttm4115/pages/unit-4-req/teamwork-1.md 132
│   ├── /home/runner/work/ttm4115/ttm4115/pages/unit-4-req/teamwork-1.md 120
│   └── /home/runner/work/ttm4115/ttm4115/pages/unit-4-req/teamwork-1.md 97
├── unit-8-sd/files/airport-system-solution.pdf not found.
│   └── /home/runner/work/ttm4115/ttm4115/pages/unit-8-sd/teamwork-1.md 75
├── Found configuration file.
│   └── config.toml
├── Found extension GoalsParagraphExtension
├── Found extension CheckParagraphExtension
├── Found extension FigureExtension
├── Found extension NavExtension
├── Found extension BoxParagraphExtension
├── Found extension DefinitionParagraphExtension
├── Found extension DeliveryParagraphExtension
├── Found extension FactBoxParagraphExtension
├── Found extension GuidelineParagraphExtension
├── Found extension MilestoneParagraphExtension
├── Found extension ReportParagraphExtension
├── Found extension TaskParagraphExtension
├── Found extension TipParagraphExtension
├── Found extension WarningParagraphExtension
├── Found extension AbstractParagraphExtension
├── Found extension WeekplanTableClassExtension
├── Found extension QNAExtension
├── Found extension ButtonExtension
├── Found extension TipsParagraphExtension
├── Found extension StepsParagraphExtension
├── Found extension HintExtension
├── Found extension LinesExtension
├── Found extension RubricTableClassExtension
├── Found extension CardExtension
├── Found extension CardGroupExtension
├── Found extension QuizExtension
├── Found extension CheckListBoxParagraphExtension
├── Found extension LinkExtension
├── Found extension QuoteExtension
├── Found extension RATParagraphExtension
├── Found extension TableExtension
├── Found extension TreeParagraphExtension
├── Found extension DoubleParagraphExtension
├── Found extension VideoExtension
├── Installed Pandoc version: 2.12
├── Installed Python version: 3.12.3 (main, Jan  8 2026, 11:30:50) [GCC 13.3.0]
├── Breadcrumbs exist in /home/runner/work/ttm4115/ttm4115/pages/breadcrumbs.txt
├── Loading template /home/runner/work/ttm4115/ttm4115/templates/page.html.
├── Using threadpool.
├── Translated
│   ├── /home/runner/work/ttm4115/ttm4115/docs/map.html
│   ├── /home/runner/work/ttm4115/ttm4115/docs/supermark/lines.html
│   ├── /home/runner/work/ttm4115/ttm4115/docs/supermark/rat.html
│   ├── /home/runner/work/ttm4115/ttm4115/docs/backup_2025_index.html
│   ├── /home/runner/work/ttm4115/ttm4115/docs/index.html
│   ├── /home/runner/work/ttm4115/ttm4115/docs/backup_2025_schedule.html
│   ├── /home/runner/work/ttm4115/ttm4115/docs/supermark/link.html
│   ├── /home/runner/work/ttm4115/ttm4115/docs/schedule.html
│   ├── /home/runner/work/ttm4115/ttm4115/docs/supermark/rubrics.html
│   ├── /home/runner/work/ttm4115/ttm4115/docs/supermark/quote.html
│   ├── /home/runner/work/ttm4115/ttm4115/docs/supermark/checklistbox.html
│   ├── /home/runner/work/ttm4115/ttm4115/docs/supermark/coursetable.html
│   ├── /home/runner/work/ttm4115/ttm4115/docs/supermark/video.html
│   ├── /home/runner/work/ttm4115/ttm4115/docs/supermark/steps.html
│   ├── /home/runner/work/ttm4115/ttm4115/docs/supermark/check.html
│   ├── /home/runner/work/ttm4115/ttm4115/docs/supermark/hints.html
│   ├── /home/runner/work/ttm4115/ttm4115/docs/supermark/quiz.html
│   ├── /home/runner/work/ttm4115/ttm4115/docs/supermark/development.html
│   ├── /home/runner/work/ttm4115/ttm4115/docs/supermark/qna.html
│   ├── /home/runner/work/ttm4115/ttm4115/docs/supermark/usage.html
│   ├── /home/runner/work/ttm4115/ttm4115/docs/supermark/installation.html
│   ├── /home/runner/work/ttm4115/ttm4115/docs/supermark/button.html
│   ├── /home/runner/work/ttm4115/ttm4115/docs/supermark/extensions.html
│   ├── /home/runner/work/ttm4115/ttm4115/docs/supermark/tree.html
│   ├── /home/runner/work/ttm4115/ttm4115/docs/supermark/double.html
│   ├── /home/runner/work/ttm4115/ttm4115/docs/supermark/abstract.html
│   ├── /home/runner/work/ttm4115/ttm4115/docs/supermark/weekplan.html
│   ├── /home/runner/work/ttm4115/ttm4115/docs/supermark/index.html
│   ├── /home/runner/work/ttm4115/ttm4115/docs/supermark/goals.html
│   ├── /home/runner/work/ttm4115/ttm4115/docs/unit-1-setup/teamwork-2.html
│   ├── /home/runner/work/ttm4115/ttm4115/docs/unit-1-setup/teamwork-1.html
│   ├── /home/runner/work/ttm4115/ttm4115/docs/supermark/writing.html
│   ├── /home/runner/work/ttm4115/ttm4115/docs/unit-1-setup/teamwork-3.html
│   ├── /home/runner/work/ttm4115/ttm4115/docs/supermark/nav.html
│   ├── /home/runner/work/ttm4115/ttm4115/docs/supermark/tipsbox.html
│   ├── /home/runner/work/ttm4115/ttm4115/docs/unit-1-setup/index.html
│   ├── /home/runner/work/ttm4115/ttm4115/docs/supermark/figure.html
│   ├── /home/runner/work/ttm4115/ttm4115/docs/unit-3-stm/teamwork-2.html
│   ├── /home/runner/work/ttm4115/ttm4115/docs/unit-5-stmpy/teamwork-1.html
│   ├── /home/runner/work/ttm4115/ttm4115/docs/unit-5-stmpy/index.html
│   ├── /home/runner/work/ttm4115/ttm4115/docs/unit-5-stmpy/preparation-1.html
│   ├── /home/runner/work/ttm4115/ttm4115/docs/supermark/boxes.html
│   ├── /home/runner/work/ttm4115/ttm4115/docs/supermark/table.html
│   ├── /home/runner/work/ttm4115/ttm4115/docs/unit-3-stm/preparation-4.html
│   ├── /home/runner/work/ttm4115/ttm4115/docs/unit-3-stm/hints-data.html
│   ├── /home/runner/work/ttm4115/ttm4115/docs/unit-3-stm/teamwork-1.html
│   ├── /home/runner/work/ttm4115/ttm4115/docs/unit-3-stm/preparation-1.html
│   ├── /home/runner/work/ttm4115/ttm4115/docs/unit-3-stm/teamwork-3.html
│   ├── /home/runner/work/ttm4115/ttm4115/docs/unit-3-stm/preparation-3.html
│   ├── /home/runner/work/ttm4115/ttm4115/docs/unit-3-stm/preparation-5.html
│   ├── /home/runner/work/ttm4115/ttm4115/docs/unit-9-comp/hints.html
│   ├── /home/runner/work/ttm4115/ttm4115/docs/unit-5-stmpy/preparation-2.html
│   ├── /home/runner/work/ttm4115/ttm4115/docs/unit-3-stm/exercise-carlock.html
│   ├── /home/runner/work/ttm4115/ttm4115/docs/unit-9-comp/preparation-2.html
│   ├── /home/runner/work/ttm4115/ttm4115/docs/unit-3-stm/index.html
│   ├── /home/runner/work/ttm4115/ttm4115/docs/unit-9-comp/preparation-1.html
│   ├── /home/runner/work/ttm4115/ttm4115/docs/project/deliveries-format.html
│   ├── /home/runner/work/ttm4115/ttm4115/docs/unit-3-stm/exercise-headphones.ht
│   │   ml
│   ├── /home/runner/work/ttm4115/ttm4115/docs/project/theme-2023.html
│   ├── /home/runner/work/ttm4115/ttm4115/docs/unit-9-comp/index.html
│   ├── /home/runner/work/ttm4115/ttm4115/docs/project/deliveries-project-2021.h
│   │   tml
│   ├── /home/runner/work/ttm4115/ttm4115/docs/project/deliveries-i1.html
│   ├── /home/runner/work/ttm4115/ttm4115/docs/project/deliveries-project.html
│   ├── /home/runner/work/ttm4115/ttm4115/docs/project/deliveries-i2.html
│   ├── /home/runner/work/ttm4115/ttm4115/docs/project/deliveries-i3.html
│   ├── /home/runner/work/ttm4115/ttm4115/docs/project/deliveries-t3.html
│   ├── /home/runner/work/ttm4115/ttm4115/docs/unit-3-stm/preparation-2.html
│   ├── /home/runner/work/ttm4115/ttm4115/docs/supermark/card.html
│   ├── /home/runner/work/ttm4115/ttm4115/docs/project/theme-2025.html
│   ├── /home/runner/work/ttm4115/ttm4115/docs/project/theme-2024.html
│   ├── /home/runner/work/ttm4115/ttm4115/docs/tools/tools-notebooks.html
│   ├── /home/runner/work/ttm4115/ttm4115/docs/project/deliveries-t1.html
│   ├── /home/runner/work/ttm4115/ttm4115/docs/tools/tools-base.html
│   ├── /home/runner/work/ttm4115/ttm4115/docs/project/deliveries-t2.html
│   ├── /home/runner/work/ttm4115/ttm4115/docs/project/backup_2025_index.html
│   ├── /home/runner/work/ttm4115/ttm4115/docs/tools/tools-stmpy.html
│   ├── /home/runner/work/ttm4115/ttm4115/docs/tools/backup_2025_index.html
│   ├── /home/runner/work/ttm4115/ttm4115/docs/tools/tools-python.html
│   ├── /home/runner/work/ttm4115/ttm4115/docs/tools/index.html
│   ├── /home/runner/work/ttm4115/ttm4115/docs/unit-6-agile/preparation-1.html
│   ├── /home/runner/work/ttm4115/ttm4115/docs/project/index.html
│   ├── /home/runner/work/ttm4115/ttm4115/docs/unit-6-agile/teamwork-1.html
│   ├── /home/runner/work/ttm4115/ttm4115/docs/unit-6-agile/index.html
│   ├── /home/runner/work/ttm4115/ttm4115/docs/unit-7-comm/preparation-2.html
│   ├── /home/runner/work/ttm4115/ttm4115/docs/unit-4-req/preparation-1.html
│   ├── /home/runner/work/ttm4115/ttm4115/docs/unit-7-comm/teamwork-1.html
│   ├── /home/runner/work/ttm4115/ttm4115/docs/unit-7-comm/index.html
│   ├── /home/runner/work/ttm4115/ttm4115/docs/unit-4-req/preparation-2.html
│   ├── /home/runner/work/ttm4115/ttm4115/docs/unit-7-comm/preparation-1.html
│   ├── /home/runner/work/ttm4115/ttm4115/docs/unit-4-req/teamwork-1.html
│   ├── /home/runner/work/ttm4115/ttm4115/docs/learning/tbl.html
│   ├── /home/runner/work/ttm4115/ttm4115/docs/learning/teamwork.html
│   ├── /home/runner/work/ttm4115/ttm4115/docs/learning/grading.html
│   ├── /home/runner/work/ttm4115/ttm4115/docs/unit-4-req/index.html
│   ├── /home/runner/work/ttm4115/ttm4115/docs/learning/remote.html
│   ├── /home/runner/work/ttm4115/ttm4115/docs/learning/reflection.html
│   ├── /home/runner/work/ttm4115/ttm4115/docs/learning/index.html
│   ├── /home/runner/work/ttm4115/ttm4115/docs/learning/backup_2025_feedback.htm
│   │   l
│   ├── /home/runner/work/ttm4115/ttm4115/docs/learning/feedback.html
│   ├── /home/runner/work/ttm4115/ttm4115/docs/unit-7-comm/preparation-3.html
│   ├── /home/runner/work/ttm4115/ttm4115/docs/learning/goals.html
│   ├── /home/runner/work/ttm4115/ttm4115/docs/unit-8-sd/preparation-5.html
│   ├── /home/runner/work/ttm4115/ttm4115/docs/unit-8-sd/teamwork-1.html
│   ├── /home/runner/work/ttm4115/ttm4115/docs/unit-8-sd/preparation-4.html
│   ├── /home/runner/work/ttm4115/ttm4115/docs/unit-8-sd/preparation-1.html
│   ├── /home/runner/work/ttm4115/ttm4115/docs/unit-2-models/preparation-1.html
│   ├── /home/runner/work/ttm4115/ttm4115/docs/unit-2-models/preparation-3.html
│   ├── /home/runner/work/ttm4115/ttm4115/docs/tools/tools-gui.html
│   ├── /home/runner/work/ttm4115/ttm4115/docs/unit-8-sd/preparation-3.html
│   ├── /home/runner/work/ttm4115/ttm4115/docs/unit-8-sd/index.html
│   ├── /home/runner/work/ttm4115/ttm4115/docs/unit-8-sd/preparation-2.html
│   ├── /home/runner/work/ttm4115/ttm4115/docs/unit-2-models/index.html
│   ├── /home/runner/work/ttm4115/ttm4115/docs/unit-2-models/teamwork-1.html
│   ├── /home/runner/work/ttm4115/ttm4115/docs/unit-2-models/unit-modeling-diagr
│   │   am-tips.html
│   ├── /home/runner/work/ttm4115/ttm4115/docs/unit-2-models/preparation-2.html
│   ├── /home/runner/work/ttm4115/ttm4115/docs/unit-9-comp/teamwork-1.html
│   └── /home/runner/work/ttm4115/ttm4115/docs/tools/tools-mqtt.html
└── Copying resources.
