\BOOKMARK [0][-]{chapter.1}{Unit 1 \204 State Machines}{}% 1
\BOOKMARK [1][-]{section.1.1}{State Machines}{chapter.1}% 2
\BOOKMARK [2][-]{subsection.1.1.1}{Learning Goals}{section.1.1}% 3
\BOOKMARK [2][-]{subsection.1.1.2}{Hello, State Machines!}{section.1.1}% 4
\BOOKMARK [1][-]{section.1.2}{Example: Traffic Light}{chapter.1}% 5
\BOOKMARK [1][-]{section.1.3}{State Machine Diagrams}{chapter.1}% 6
\BOOKMARK [2][-]{subsection.1.3.1}{States}{section.1.3}% 7
\BOOKMARK [2][-]{subsection.1.3.2}{Transitions}{section.1.3}% 8
\BOOKMARK [2][-]{subsection.1.3.3}{Actions}{section.1.3}% 9
\BOOKMARK [2][-]{subsection.1.3.4}{Timers}{section.1.3}% 10
\BOOKMARK [2][-]{subsection.1.3.5}{Internal Transitions}{section.1.3}% 11
\BOOKMARK [2][-]{subsection.1.3.6}{Choice States}{section.1.3}% 12
\BOOKMARK [2][-]{subsection.1.3.7}{Transitions, Revisited}{section.1.3}% 13
\BOOKMARK [2][-]{subsection.1.3.8}{States, Revisited}{section.1.3}% 14
\BOOKMARK [2][-]{subsection.1.3.9}{Sending Messages}{section.1.3}% 15
\BOOKMARK [2][-]{subsection.1.3.10}{Traces}{section.1.3}% 16
\BOOKMARK [2][-]{subsection.1.3.11}{State-Transition Tables}{section.1.3}% 17
\BOOKMARK [2][-]{subsection.1.3.12}{A Physical State Machine Model}{section.1.3}% 18
\BOOKMARK [1][-]{section.1.4}{That'a all.}{chapter.1}% 19
\BOOKMARK [1][-]{section.1.5}{State Machines}{chapter.1}% 20
\BOOKMARK [1][-]{section.1.6}{Creating High-Quality State Machines}{chapter.1}% 21
\BOOKMARK [2][-]{subsection.1.6.1}{Writing Down a State Machine}{section.1.6}% 22
\BOOKMARK [2][-]{subsection.1.6.2}{Checking State Machines}{section.1.6}% 23
\BOOKMARK [1][-]{section.1.7}{Getting Started: Bus Stop}{chapter.1}% 24
\BOOKMARK [2][-]{subsection.1.7.1}{Create a State Machine, Individually}{section.1.7}% 25
\BOOKMARK [2][-]{subsection.1.7.2}{Create a State Machine, Together}{section.1.7}% 26
\BOOKMARK [2][-]{subsection.1.7.3}{Solution}{section.1.7}% 27
\BOOKMARK [1][-]{section.1.8}{Kitchen Timer}{chapter.1}% 28
\BOOKMARK [2][-]{subsection.1.8.1}{Create a State Machine, Individually}{section.1.8}% 29
\BOOKMARK [2][-]{subsection.1.8.2}{Create a State Machine, Together}{section.1.8}% 30
\BOOKMARK [2][-]{subsection.1.8.3}{Solution}{section.1.8}% 31
\BOOKMARK [1][-]{section.1.9}{Checklist}{chapter.1}% 32
\BOOKMARK [1][-]{section.1.10}{The Headphone Story}{chapter.1}% 33
\BOOKMARK [0][-]{chapter.2}{Unit 2 \204 Interactions}{}% 34
\BOOKMARK [1][-]{section.2.1}{Interactions}{chapter.2}% 35
\BOOKMARK [2][-]{subsection.2.1.1}{Learning Goals}{section.2.1}% 36
\BOOKMARK [1][-]{section.2.2}{Intuition on Sequence Diagrams}{chapter.2}% 37
\BOOKMARK [2][-]{subsection.2.2.1}{Participants and Lifelines}{section.2.2}% 38
\BOOKMARK [2][-]{subsection.2.2.2}{Messages}{section.2.2}% 39
\BOOKMARK [2][-]{subsection.2.2.3}{Creation and Destruction}{section.2.2}% 40
\BOOKMARK [1][-]{section.2.3}{What do Sequence Diagrams Represent?}{chapter.2}% 41
\BOOKMARK [1][-]{section.2.4}{Combined Fragments}{chapter.2}% 42
\BOOKMARK [2][-]{subsection.2.4.1}{alt}{section.2.4}% 43
\BOOKMARK [2][-]{subsection.2.4.2}{opt}{section.2.4}% 44
\BOOKMARK [2][-]{subsection.2.4.3}{loop}{section.2.4}% 45
\BOOKMARK [2][-]{subsection.2.4.4}{assert and neg}{section.2.4}% 46
\BOOKMARK [2][-]{subsection.2.4.5}{ref}{section.2.4}% 47
\BOOKMARK [2][-]{subsection.2.4.6}{Time Constraints}{section.2.4}% 48
\BOOKMARK [1][-]{section.2.5}{Event Orderings and Semantics}{chapter.2}% 49
\BOOKMARK [2][-]{subsection.2.5.1}{Co-Regions}{section.2.5}% 50
\BOOKMARK [1][-]{section.2.6}{Implied Scenarios}{chapter.2}% 51
\BOOKMARK [2][-]{subsection.2.6.1}{Message Loss}{section.2.6}% 52
\BOOKMARK [2][-]{subsection.2.6.2}{Non-Causal Orderings}{section.2.6}% 53
\BOOKMARK [2][-]{subsection.2.6.3}{Mixed Initiatives}{section.2.6}% 54
\BOOKMARK [1][-]{section.2.7}{Epilogue: The Value of Sequence Diagrams}{chapter.2}% 55
